#
# A fatal error has been detected by the Java Runtime Environment:
#
#  EXCEPTION_ACCESS_VIOLATION (0xc0000005) at pc=0x000000005952aa30, pid=7888, tid=0x0000000000000020
#
# JRE version: OpenJDK Runtime Environment (8.0_152-b02) (build 1.8.0_152-release-1024-b02)
# Java VM: OpenJDK 64-Bit Server VM (25.152-b02 mixed mode windows-amd64 compressed oops)
# Problematic frame:
# V  [jvm.dll+0x8aa30]
#
# Failed to write core dump. Minidumps are not enabled by default on client versions of Windows
#
# If you would like to submit a bug report, please visit:
#   http://bugreport.java.com/bugreport/crash.jsp
#

---------------  T H R E A D  ---------------

Current thread (0x00000000024e9000):  GCTaskThread [stack: 0x0000000011fa0000,0x00000000120a0000] [id=32]

siginfo: ExceptionCode=0xc0000005, reading address 0x0000000000000030

Registers:
RAX=0x0000000000000000, RBX=0x00000000e1111b40, RCX=0x00000000e1111b40, RDX=0x0000000000000028
RSP=0x000000001209f928, RBP=0x00000000119a6901, RSI=0x0000000015f03200, RDI=0x00000000a2d1a000
R8 =0x0000000015f03200, R9 =0x0000000000000009, R10=0x0000000000000000, R11=0x00000000ee04dac0
R12=0x00000000119a68ce, R13=0x0000000000000000, R14=0x0000000000000000, R15=0x00000000024e2b60
RIP=0x000000005952aa30, EFLAGS=0x0000000000010206

Top of Stack: (sp=0x000000001209f928)
0x000000001209f928:   000000005986cc82 00000000e152c288
0x000000001209f938:   0000000000000005 0000000015f03200
0x000000001209f948:   00000000eaddc788 00000000ee045ad0
0x000000001209f958:   0000000000001000 0000000015f03200
0x000000001209f968:   000000005958d883 0000000000000000
0x000000001209f978:   0000000015f03200 00000000119a68ce
0x000000001209f988:   000000005986cff0 00000000ee04d778
0x000000001209f998:   00000000119a6901 0000000015f03200
0x000000001209f9a8:   00000000a2d1a000 00000000ee04d778
0x000000001209f9b8:   000000005986db95 00000000ea894240
0x000000001209f9c8:   00000000119a2701 0000000015f03200
0x000000001209f9d8:   0000000000000003 0000000015f03200
0x000000001209f9e8:   0000000059566e0a 00000000a11d64a4
0x000000001209f9f8:   000000005958f6c7 0000000015f03200
0x000000001209fa08:   000000005958d883 00000000a2d19f51
0x000000001209fa18:   00000000a2d19f51 00000000a2d19cfc 

Instructions: (pc=0x000000005952aa30)
0x000000005952aa10:   6c 4e 1d 00 48 8b 9c 24 c0 00 00 00 48 81 c4 b0
0x000000005952aa20:   00 00 00 5d c3 cc cc cc cc cc cc cc cc cc cc cc
0x000000005952aa30:   44 8b 42 08 4c 8b ca 45 85 c0 7e 0e 41 f6 c0 01
0x000000005952aa40:   75 57 41 c1 f8 03 41 8b c0 c3 79 4d 80 3d 7e fe 


Register to memory mapping:

RAX=0x0000000000000000 is an unknown value
RBX=0x00000000e1111b40 is an unknown value
RCX=0x00000000e1111b40 is an unknown value
RDX=0x0000000000000028 is an unknown value
RSP=0x000000001209f928 is an unknown value
RBP=0x00000000119a6901 is an unknown value
RSI=0x0000000015f03200 is an unknown value
RDI=0x00000000a2d1a000 is an oop
[Ljava.lang.Object; 
 - klass: 'java/lang/Object'[]
 - length: 2
R8 =0x0000000015f03200 is an unknown value
R9 =0x0000000000000009 is an unknown value
R10=0x0000000000000000 is an unknown value
R11=0x00000000ee04dac0 is an unknown value
R12=0x00000000119a68ce is an unknown value
R13=0x0000000000000000 is an unknown value
R14=0x0000000000000000 is an unknown value
R15=0x00000000024e2b60 is an unknown value


Stack: [0x0000000011fa0000,0x00000000120a0000],  sp=0x000000001209f928,  free space=1022k
Native frames: (J=compiled Java code, j=interpreted, Vv=VM code, C=native code)
V  [jvm.dll+0x8aa30]


---------------  P R O C E S S  ---------------

Java Threads: ( => current thread )
  0x000000001a9a1000 JavaThread "pool-7-thread-1" [_thread_blocked, id=6408, stack(0x000000001dff0000,0x000000001e0f0000)]
  0x000000001d87a800 JavaThread "build operations Thread 4" [_thread_blocked, id=10108, stack(0x00000000233e0000,0x00000000234e0000)]
  0x000000001d879800 JavaThread "build operations Thread 3" [_thread_blocked, id=6888, stack(0x00000000201e0000,0x00000000202e0000)]
  0x000000001d879000 JavaThread "build operations Thread 2" [_thread_blocked, id=3180, stack(0x000000001fde0000,0x000000001fee0000)]
  0x000000001d878000 JavaThread "build operations" [_thread_blocked, id=12464, stack(0x000000001ce60000,0x000000001cf60000)]
  0x000000001d873800 JavaThread "Cache worker for Artifact transforms cache (C:\Users\httiong\.gradle\caches\transforms-1)" [_thread_blocked, id=4068, stack(0x000000001bcf0000,0x000000001bdf0000)]
  0x000000001d873000 JavaThread "Cache worker for file hash cache (C:\Users\httiong\Desktop\Andriod\TestingSQLite\.gradle\4.4\fileHashes)" [_thread_blocked, id=1432, stack(0x000000001b9f0000,0x000000001baf0000)]
  0x000000001d875000 JavaThread "Stdin handler" [_thread_blocked, id=8428, stack(0x000000001a520000,0x000000001a620000)]
  0x000000001d872000 JavaThread "Asynchronous log dispatcher for DefaultDaemonConnection: socket connection from /127.0.0.1:52924 to /127.0.0.1:49183" [_thread_blocked, id=3680, stack(0x000000001a420000,0x000000001a520000)]
  0x000000001d86e800 JavaThread "Daemon worker Thread 3" [_thread_blocked, id=11360, stack(0x000000001a320000,0x000000001a420000)]
  0x000000001d870800 JavaThread "Cancel handler" [_thread_blocked, id=12512, stack(0x000000001a220000,0x000000001a320000)]
  0x000000001d871800 JavaThread "Handler for socket connection from /127.0.0.1:52924 to /127.0.0.1:49183" [_thread_in_native, id=12116, stack(0x0000000019f20000,0x000000001a020000)]
  0x000000001d86f000 JavaThread "Daemon Thread 3" [_thread_blocked, id=8356, stack(0x0000000019e20000,0x0000000019f20000)]
  0x000000001d877800 JavaThread "pool-2-thread-1" [_thread_blocked, id=8508, stack(0x0000000021fc0000,0x00000000220c0000)]
  0x000000001d876000 JavaThread "Memory manager" [_thread_blocked, id=8368, stack(0x00000000207e0000,0x00000000208e0000)]
  0x000000001d870000 JavaThread "pool-1-thread-1" [_thread_blocked, id=8464, stack(0x00000000204e0000,0x00000000205e0000)]
  0x0000000019480800 JavaThread "File lock request listener" [_thread_in_native, id=1720, stack(0x000000001b8f0000,0x000000001b9f0000)]
  0x00000000184d6800 JavaThread "Cache worker for file hash cache (C:\Users\httiong\.gradle\caches\4.4\fileHashes)" [_thread_blocked, id=3324, stack(0x000000001a820000,0x000000001a920000)]
  0x0000000018dd4000 JavaThread "Daemon periodic checks" [_thread_blocked, id=8704, stack(0x0000000019d20000,0x0000000019e20000)]
  0x0000000018dd3000 JavaThread "Incoming local TCP Connector on port 52924" [_thread_in_native, id=5412, stack(0x0000000019b30000,0x0000000019c30000)]
  0x0000000015f9e800 JavaThread "Service Thread" daemon [_thread_blocked, id=10276, stack(0x0000000017c80000,0x0000000017d80000)]
  0x0000000015f4e800 JavaThread "C1 CompilerThread2" daemon [_thread_blocked, id=2684, stack(0x0000000017780000,0x0000000017880000)]
  0x0000000015f47800 JavaThread "C2 CompilerThread1" daemon [_thread_blocked, id=14140, stack(0x0000000017680000,0x0000000017780000)]
  0x0000000015f3f000 JavaThread "C2 CompilerThread0" daemon [_thread_in_native, id=3052, stack(0x0000000017580000,0x0000000017680000)]
  0x0000000015f3c800 JavaThread "Attach Listener" daemon [_thread_blocked, id=11880, stack(0x0000000017480000,0x0000000017580000)]
  0x0000000015f3b000 JavaThread "Signal Dispatcher" daemon [_thread_blocked, id=8412, stack(0x0000000017380000,0x0000000017480000)]
  0x0000000015f28800 JavaThread "Finalizer" daemon [_thread_blocked, id=7548, stack(0x00000000171a0000,0x00000000172a0000)]
  0x00000000025c2000 JavaThread "Reference Handler" daemon [_thread_blocked, id=12840, stack(0x00000000170a0000,0x00000000171a0000)]
  0x00000000024d2800 JavaThread "main" [_thread_blocked, id=10328, stack(0x0000000002340000,0x0000000002440000)]

Other Threads:
  0x0000000015f06800 VMThread [stack: 0x0000000016fa0000,0x00000000170a0000] [id=12648]
  0x00000000178ac800 WatcherThread [stack: 0x0000000017d80000,0x0000000017e80000] [id=7216]

=>0x00000000024e9000 (exited) GCTaskThread [stack: 0x0000000011fa0000,0x00000000120a0000] [id=32]

VM state:at safepoint (normal execution)

VM Mutex/Monitor currently owned by a thread:  ([mutex/lock_event])
[0x00000000024cd890] Threads_lock - owner thread: 0x0000000015f06800
[0x00000000024ce190] Heap_lock - owner thread: 0x000000001d86e800

Heap:
 PSYoungGen      total 191488K, used 184431K [0x00000000e0000000, 0x00000000ee900000, 0x0000000100000000)
  eden space 164864K, 100% used [0x00000000e0000000,0x00000000ea100000,0x00000000ea100000)
  from space 26624K, 73% used [0x00000000ea100000,0x00000000eb41be90,0x00000000ebb00000)
  to   space 27648K, 77% used [0x00000000ece00000,0x00000000ee2fdaf0,0x00000000ee900000)
 ParOldGen       total 164864K, used 46401K [0x00000000a0000000, 0x00000000aa100000, 0x00000000e0000000)
  object space 164864K, 28% used [0x00000000a0000000,0x00000000a2d50628,0x00000000aa100000)
 Metaspace       used 91851K, capacity 96348K, committed 96512K, reserved 1132544K
  class space    used 12024K, capacity 13053K, committed 13056K, reserved 1048576K

Card table byte_map: [0x0000000011990000,0x0000000011ca0000] byte_map_base: 0x0000000011490000

Marking Bits: (ParMarkBitMap*) 0x0000000059c64970
 Begin Bits: [0x00000000122a0000, 0x0000000013aa0000)
 End Bits:   [0x0000000013aa0000, 0x00000000152a0000)

Polling page: 0x0000000002300000

CodeCache: size=245760Kb used=38850Kb max_used=38861Kb free=206910Kb
 bounds [0x00000000025d0000, 0x0000000004c00000, 0x00000000115d0000]
 total_blobs=11993 nmethods=11184 adapters=721
 compilation: enabled

Compilation events (10 events):
Event: 1198.405 Thread 0x0000000015f4e800 nmethod 13423 0x0000000004be79d0 code [0x0000000004be7ba0, 0x0000000004be8418]
Event: 1198.405 Thread 0x0000000015f4e800 13424       3       com.sun.org.apache.xerces.internal.jaxp.validation.XMLSchemaValidatorComponentManager::setPropertyDefaults (72 bytes)
Event: 1198.405 Thread 0x0000000015f4e800 nmethod 13424 0x0000000004bf0610 code [0x0000000004bf07c0, 0x0000000004bf0d28]
Event: 1198.405 Thread 0x0000000015f47800 nmethod 13400 0x0000000004bf0f10 code [0x0000000004bf1060, 0x0000000004bf1458]
Event: 1198.405 Thread 0x0000000015f47800 13425 %     4       com.sun.xml.bind.v2.runtime.unmarshaller.ValidatingUnmarshaller::text @ 25 (85 bytes)
Event: 1198.416 Thread 0x0000000015f47800 nmethod 13425% 0x0000000004bf1790 code [0x0000000004bf1920, 0x0000000004bf1dc8]
Event: 1198.416 Thread 0x0000000015f47800 13381       4       com.sun.org.apache.xerces.internal.jaxp.validation.XMLSchemaValidatorComponentManager::getPropertyState (57 bytes)
Event: 1198.416 Thread 0x0000000015f4e800 13426       1       com.sun.xml.bind.v2.runtime.unmarshaller.UnmarshallingContext::getCurrentState (5 bytes)
Event: 1198.417 Thread 0x0000000015f4e800 nmethod 13426 0x0000000004be7710 code [0x0000000004be7860, 0x0000000004be7970]
Event: 1198.417 Thread 0x0000000015f4e800 13427       3       com.sun.org.apache.xerces.internal.impl.dv.xs.DecimalDV$XDecimal::initI (191 bytes)

GC Heap History (10 events):
Event: 95.609 GC heap after
Heap after GC invocations=24 (full 3):
 PSYoungGen      total 143360K, used 18594K [0x00000000e0000000, 0x00000000ec400000, 0x0000000100000000)
  eden space 115712K, 0% used [0x00000000e0000000,0x00000000e0000000,0x00000000e7100000)
  from space 27648K, 67% used [0x00000000e7100000,0x00000000e83288d0,0x00000000e8c00000)
  to   space 28160K, 0% used [0x00000000ea880000,0x00000000ea880000,0x00000000ec400000)
 ParOldGen       total 164864K, used 45031K [0x00000000a0000000, 0x00000000aa100000, 0x00000000e0000000)
  object space 164864K, 27% used [0x00000000a0000000,0x00000000a2bf9d28,0x00000000aa100000)
 Metaspace       used 72309K, capacity 75420K, committed 75520K, reserved 1114112K
  class space    used 9735K, capacity 10487K, committed 10496K, reserved 1048576K
}
Event: 152.340 GC heap before
{Heap before GC invocations=25 (full 3):
 PSYoungGen      total 143360K, used 134306K [0x00000000e0000000, 0x00000000ec400000, 0x0000000100000000)
  eden space 115712K, 100% used [0x00000000e0000000,0x00000000e7100000,0x00000000e7100000)
  from space 27648K, 67% used [0x00000000e7100000,0x00000000e83288d0,0x00000000e8c00000)
  to   space 28160K, 0% used [0x00000000ea880000,0x00000000ea880000,0x00000000ec400000)
 ParOldGen       total 164864K, used 45031K [0x00000000a0000000, 0x00000000aa100000, 0x00000000e0000000)
  object space 164864K, 27% used [0x00000000a0000000,0x00000000a2bf9d28,0x00000000aa100000)
 Metaspace       used 76879K, capacity 80276K, committed 80384K, reserved 1118208K
  class space    used 10190K, capacity 11007K, committed 11008K, reserved 1048576K
Event: 152.364 GC heap after
Heap after GC invocations=25 (full 3):
 PSYoungGen      total 167424K, used 16840K [0x00000000e0000000, 0x00000000ec200000, 0x0000000100000000)
  eden space 141312K, 0% used [0x00000000e0000000,0x00000000e0000000,0x00000000e8a00000)
  from space 26112K, 64% used [0x00000000ea880000,0x00000000eb8f2128,0x00000000ec200000)
  to   space 28672K, 0% used [0x00000000e8a00000,0x00000000e8a00000,0x00000000ea600000)
 ParOldGen       total 164864K, used 45039K [0x00000000a0000000, 0x00000000aa100000, 0x00000000e0000000)
  object space 164864K, 27% used [0x00000000a0000000,0x00000000a2bfbd28,0x00000000aa100000)
 Metaspace       used 76879K, capacity 80276K, committed 80384K, reserved 1118208K
  class space    used 10190K, capacity 11007K, committed 11008K, reserved 1048576K
}
Event: 181.804 GC heap before
{Heap before GC invocations=26 (full 3):
 PSYoungGen      total 167424K, used 158152K [0x00000000e0000000, 0x00000000ec200000, 0x0000000100000000)
  eden space 141312K, 100% used [0x00000000e0000000,0x00000000e8a00000,0x00000000e8a00000)
  from space 26112K, 64% used [0x00000000ea880000,0x00000000eb8f2128,0x00000000ec200000)
  to   space 28672K, 0% used [0x00000000e8a00000,0x00000000e8a00000,0x00000000ea600000)
 ParOldGen       total 164864K, used 45039K [0x00000000a0000000, 0x00000000aa100000, 0x00000000e0000000)
  object space 164864K, 27% used [0x00000000a0000000,0x00000000a2bfbd28,0x00000000aa100000)
 Metaspace       used 78783K, capacity 82528K, committed 82816K, reserved 1120256K
  class space    used 10443K, capacity 11331K, committed 11392K, reserved 1048576K
Event: 181.857 GC heap after
Heap after GC invocations=26 (full 3):
 PSYoungGen      total 169984K, used 15695K [0x00000000e0000000, 0x00000000edc00000, 0x0000000100000000)
  eden space 141312K, 0% used [0x00000000e0000000,0x00000000e0000000,0x00000000e8a00000)
  from space 28672K, 54% used [0x00000000e8a00000,0x00000000e9953ea0,0x00000000ea600000)
  to   space 28160K, 0% used [0x00000000ec080000,0x00000000ec080000,0x00000000edc00000)
 ParOldGen       total 164864K, used 45047K [0x00000000a0000000, 0x00000000aa100000, 0x00000000e0000000)
  object space 164864K, 27% used [0x00000000a0000000,0x00000000a2bfdd28,0x00000000aa100000)
 Metaspace       used 78783K, capacity 82528K, committed 82816K, reserved 1120256K
  class space    used 10443K, capacity 11331K, committed 11392K, reserved 1048576K
}
Event: 499.576 GC heap before
{Heap before GC invocations=27 (full 3):
 PSYoungGen      total 169984K, used 157007K [0x00000000e0000000, 0x00000000edc00000, 0x0000000100000000)
  eden space 141312K, 100% used [0x00000000e0000000,0x00000000e8a00000,0x00000000e8a00000)
  from space 28672K, 54% used [0x00000000e8a00000,0x00000000e9953ea0,0x00000000ea600000)
  to   space 28160K, 0% used [0x00000000ec080000,0x00000000ec080000,0x00000000edc00000)
 ParOldGen       total 164864K, used 45047K [0x00000000a0000000, 0x00000000aa100000, 0x00000000e0000000)
  object space 164864K, 27% used [0x00000000a0000000,0x00000000a2bfdd28,0x00000000aa100000)
 Metaspace       used 79203K, capacity 83196K, committed 83456K, reserved 1122304K
  class space    used 10480K, capacity 11419K, committed 11520K, reserved 1048576K
Event: 499.611 GC heap after
Heap after GC invocations=27 (full 3):
 PSYoungGen      total 185856K, used 13869K [0x00000000e0000000, 0x00000000ed500000, 0x0000000100000000)
  eden space 164864K, 0% used [0x00000000e0000000,0x00000000e0000000,0x00000000ea100000)
  from space 20992K, 66% used [0x00000000ec080000,0x00000000ece0b510,0x00000000ed500000)
  to   space 26624K, 0% used [0x00000000ea100000,0x00000000ea100000,0x00000000ebb00000)
 ParOldGen       total 164864K, used 46385K [0x00000000a0000000, 0x00000000aa100000, 0x00000000e0000000)
  object space 164864K, 28% used [0x00000000a0000000,0x00000000a2d4c628,0x00000000aa100000)
 Metaspace       used 79203K, capacity 83196K, committed 83456K, reserved 1122304K
  class space    used 10480K, capacity 11419K, committed 11520K, reserved 1048576K
}
Event: 526.992 GC heap before
{Heap before GC invocations=28 (full 3):
 PSYoungGen      total 185856K, used 178733K [0x00000000e0000000, 0x00000000ed500000, 0x0000000100000000)
  eden space 164864K, 100% used [0x00000000e0000000,0x00000000ea100000,0x00000000ea100000)
  from space 20992K, 66% used [0x00000000ec080000,0x00000000ece0b510,0x00000000ed500000)
  to   space 26624K, 0% used [0x00000000ea100000,0x00000000ea100000,0x00000000ebb00000)
 ParOldGen       total 164864K, used 46385K [0x00000000a0000000, 0x00000000aa100000, 0x00000000e0000000)
  object space 164864K, 28% used [0x00000000a0000000,0x00000000a2d4c628,0x00000000aa100000)
 Metaspace       used 80611K, capacity 84706K, committed 84864K, reserved 1122304K
  class space    used 10593K, capacity 11536K, committed 11648K, reserved 1048576K
Event: 527.076 GC heap after
Heap after GC invocations=28 (full 3):
 PSYoungGen      total 191488K, used 19567K [0x00000000e0000000, 0x00000000ee900000, 0x0000000100000000)
  eden space 164864K, 0% used [0x00000000e0000000,0x00000000e0000000,0x00000000ea100000)
  from space 26624K, 73% used [0x00000000ea100000,0x00000000eb41be90,0x00000000ebb00000)
  to   space 27648K, 0% used [0x00000000ece00000,0x00000000ece00000,0x00000000ee900000)
 ParOldGen       total 164864K, used 46393K [0x00000000a0000000, 0x00000000aa100000, 0x00000000e0000000)
  object space 164864K, 28% used [0x00000000a0000000,0x00000000a2d4e628,0x00000000aa100000)
 Metaspace       used 80611K, capacity 84706K, committed 84864K, reserved 1122304K
  class space    used 10593K, capacity 11536K, committed 11648K, reserved 1048576K
}
Event: 1198.418 GC heap before
{Heap before GC invocations=29 (full 3):
 PSYoungGen      total 191488K, used 184431K [0x00000000e0000000, 0x00000000ee900000, 0x0000000100000000)
  eden space 164864K, 100% used [0x00000000e0000000,0x00000000ea100000,0x00000000ea100000)
  from space 26624K, 73% used [0x00000000ea100000,0x00000000eb41be90,0x00000000ebb00000)
  to   space 27648K, 0% used [0x00000000ece00000,0x00000000ece00000,0x00000000ee900000)
 ParOldGen       total 164864K, used 46393K [0x00000000a0000000, 0x00000000aa100000, 0x00000000e0000000)
  object space 164864K, 28% used [0x00000000a0000000,0x00000000a2d4e628,0x00000000aa100000)
 Metaspace       used 91851K, capacity 96348K, committed 96512K, reserved 1132544K
  class space    used 12024K, capacity 13053K, committed 13056K, reserved 1048576K

Deoptimization events (10 events):
Event: 1196.383 Thread 0x000000001d86e800 Uncommon trap: reason=class_check action=maybe_recompile pc=0x00000000049cdf20 method=java.lang.reflect.Array.newInstance(Ljava/lang/Class;I)Ljava/lang/Object; @ 2
Event: 1196.463 Thread 0x000000001d86e800 Uncommon trap: reason=unstable_if action=reinterpret pc=0x0000000003ad47fc method=java.io.WinNTFileSystem.prefixLength(Ljava/lang/String;)I @ 42
Event: 1196.463 Thread 0x000000001d86e800 Uncommon trap: reason=unstable_if action=reinterpret pc=0x0000000003543cf4 method=java.io.WinNTFileSystem.prefixLength(Ljava/lang/String;)I @ 42
Event: 1196.492 Thread 0x000000001d86e800 Uncommon trap: reason=predicate action=maybe_recompile pc=0x00000000032e1984 method=java.util.Arrays$ArrayList.indexOf(Ljava/lang/Object;)I @ 42
Event: 1196.492 Thread 0x000000001d86e800 Uncommon trap: reason=predicate action=maybe_recompile pc=0x00000000037cd304 method=java.util.Arrays$ArrayList.indexOf(Ljava/lang/Object;)I @ 42
Event: 1196.666 Thread 0x000000001d86e800 Uncommon trap: reason=unstable_if action=reinterpret pc=0x0000000002c1a32c method=org.objectweb.asm.ByteVector.putInt(I)Lorg/objectweb/asm/ByteVector; @ 13
Event: 1197.276 Thread 0x000000001d86e800 Uncommon trap: reason=null_check action=make_not_entrant pc=0x0000000004452e50 method=org.gradle.api.internal.AbstractClassGenerator.generateUnderLock(Ljava/lang/Class;)Ljava/lang/Class; @ 869
Event: 1197.376 Thread 0x000000001d86e800 Uncommon trap: reason=array_check action=maybe_recompile pc=0x0000000004332e74 method=java.util.ComparableTimSort.binarySort([Ljava/lang/Object;III)V @ 215
Event: 1197.521 Thread 0x000000001d86e800 Uncommon trap: reason=array_check action=maybe_recompile pc=0x0000000004b67670 method=java.util.ComparableTimSort.binarySort([Ljava/lang/Object;III)V @ 193
Event: 1197.521 Thread 0x000000001d86e800 Uncommon trap: reason=array_check action=maybe_recompile pc=0x0000000004b67670 method=java.util.ComparableTimSort.binarySort([Ljava/lang/Object;III)V @ 193

Classes redefined (0 events):
No events

Internal exceptions (10 events):
Event: 1197.871 Thread 0x000000001d86e800 Exception <a 'sun/nio/fs/WindowsException'> (0x00000000e8087450) thrown at [D:\src\AOSP-openjdk-cygwin\jdk8u\hotspot\src\share\vm\prims\jni.cpp, line 709]
Event: 1197.871 Thread 0x000000001d86e800 Exception <a 'sun/nio/fs/WindowsException'> (0x00000000e80880c0) thrown at [D:\src\AOSP-openjdk-cygwin\jdk8u\hotspot\src\share\vm\prims\jni.cpp, line 709]
Event: 1197.871 Thread 0x000000001d86e800 Exception <a 'sun/nio/fs/WindowsException'> (0x00000000e8089d78) thrown at [D:\src\AOSP-openjdk-cygwin\jdk8u\hotspot\src\share\vm\prims\jni.cpp, line 709]
Event: 1197.871 Thread 0x000000001d86e800 Exception <a 'sun/nio/fs/WindowsException'> (0x00000000e808aa20) thrown at [D:\src\AOSP-openjdk-cygwin\jdk8u\hotspot\src\share\vm\prims\jni.cpp, line 709]
Event: 1197.876 Thread 0x000000001d86e800 Exception <a 'sun/nio/fs/WindowsException'> (0x00000000e808e0e0) thrown at [D:\src\AOSP-openjdk-cygwin\jdk8u\hotspot\src\share\vm\prims\jni.cpp, line 709]
Event: 1197.877 Thread 0x000000001d86e800 Exception <a 'sun/nio/fs/WindowsException'> (0x00000000e808edb0) thrown at [D:\src\AOSP-openjdk-cygwin\jdk8u\hotspot\src\share\vm\prims\jni.cpp, line 709]
Event: 1197.877 Thread 0x000000001d86e800 Exception <a 'sun/nio/fs/WindowsException'> (0x00000000e8090ab8) thrown at [D:\src\AOSP-openjdk-cygwin\jdk8u\hotspot\src\share\vm\prims\jni.cpp, line 709]
Event: 1197.877 Thread 0x000000001d86e800 Exception <a 'sun/nio/fs/WindowsException'> (0x00000000e80917c8) thrown at [D:\src\AOSP-openjdk-cygwin\jdk8u\hotspot\src\share\vm\prims\jni.cpp, line 709]
Event: 1197.882 Thread 0x000000001d86e800 Exception <a 'java/lang/ClassNotFoundException': com/sun/org/glassfish/hk2/osgiresourcelocator/ServiceLoader> (0x00000000e80e17b8) thrown at [D:\src\AOSP-openjdk-cygwin\jdk8u\hotspot\src\share\vm\classfile\systemDictionary.cpp, line 210]
Event: 1197.966 Thread 0x000000001d86e800 Exception <a 'java/lang/NullPointerException'> (0x00000000e84c28e0) thrown at [D:\src\AOSP-openjdk-cygwin\jdk8u\hotspot\src\share\vm\interpreter\linkResolver.cpp, line 1301]

Events (10 events):
Event: 1198.127 Executing VM operation: RevokeBias done
Event: 1198.185 Executing VM operation: RevokeBias
Event: 1198.185 Executing VM operation: RevokeBias done
Event: 1198.208 Executing VM operation: RevokeBias
Event: 1198.208 Executing VM operation: RevokeBias done
Event: 1198.257 loading class com/android/repository/api/ProgressIndicator
Event: 1198.257 loading class com/android/repository/api/ProgressIndicator done
Event: 1198.257 loading class com/android/repository/api/ProgressIndicator
Event: 1198.257 loading class com/android/repository/api/ProgressIndicator done
Event: 1198.418 Executing VM operation: ParallelGCFailedAllocation


Dynamic libraries:
0x00007ff7f0840000 - 0x00007ff7f0871000 	C:\Program Files\Android\Android Studio\jre\bin\java.exe
0x00007ff958fc0000 - 0x00007ff95916d000 	C:\WINDOWS\SYSTEM32\ntdll.dll
0x00007ff956e80000 - 0x00007ff956fbe000 	C:\WINDOWS\system32\KERNEL32.DLL
0x00007ff956520000 - 0x00007ff956635000 	C:\WINDOWS\system32\KERNELBASE.dll
0x000000005bbb0000 - 0x000000005bc3e000 	C:\WINDOWS\System32\SYSFER.DLL
0x00007ff958720000 - 0x00007ff9587ca000 	C:\WINDOWS\system32\ADVAPI32.dll
0x00007ff9568b0000 - 0x00007ff956a27000 	C:\WINDOWS\system32\USER32.dll
0x00007ff955a60000 - 0x00007ff955cdb000 	C:\WINDOWS\WinSxS\amd64_microsoft.windows.common-controls_6595b64144ccf1df_6.0.9600.18006_none_623f33d3ecbe86e8\COMCTL32.dll
0x00007ff958840000 - 0x00007ff9588ea000 	C:\WINDOWS\system32\msvcrt.dll
0x00007ff9587e0000 - 0x00007ff958839000 	C:\WINDOWS\SYSTEM32\sechost.dll
0x00007ff958c00000 - 0x00007ff958d40000 	C:\WINDOWS\system32\RPCRT4.dll
0x00007ff9570a0000 - 0x00007ff9571eb000 	C:\WINDOWS\system32\GDI32.dll
0x00007ff9561b0000 - 0x00007ff9561de000 	C:\WINDOWS\system32\SspiCli.dll
0x00007ff956800000 - 0x00007ff956836000 	C:\WINDOWS\system32\IMM32.DLL
0x00007ff958d40000 - 0x00007ff958e92000 	C:\WINDOWS\system32\MSCTF.dll
0x00007ff9560a0000 - 0x00007ff9560cf000 	C:\Windows\system32\nvinitx.dll
0x00000000591c0000 - 0x0000000059292000 	C:\Program Files\Android\Android Studio\jre\jre\bin\msvcr100.dll
0x00000000594a0000 - 0x0000000059cdf000 	C:\Program Files\Android\Android Studio\jre\jre\bin\server\jvm.dll
0x00007ff94c740000 - 0x00007ff94c749000 	C:\WINDOWS\SYSTEM32\WSOCK32.dll
0x00007ff9537f0000 - 0x00007ff953812000 	C:\WINDOWS\SYSTEM32\WINMM.dll
0x00007ff954890000 - 0x00007ff95489a000 	C:\WINDOWS\SYSTEM32\VERSION.dll
0x00007ff9587d0000 - 0x00007ff9587d7000 	C:\WINDOWS\system32\PSAPI.DLL
0x00007ff958f60000 - 0x00007ff958fba000 	C:\WINDOWS\system32\WS2_32.dll
0x00007ff953e80000 - 0x00007ff953eaa000 	C:\WINDOWS\SYSTEM32\WINMMBASE.dll
0x00007ff956a30000 - 0x00007ff956a39000 	C:\WINDOWS\system32\NSI.dll
0x00007ff9564d0000 - 0x00007ff95651f000 	C:\WINDOWS\SYSTEM32\cfgmgr32.dll
0x00007ff954200000 - 0x00007ff954228000 	C:\WINDOWS\SYSTEM32\DEVOBJ.dll
0x00007ff953280000 - 0x00007ff95328f000 	C:\Program Files\Android\Android Studio\jre\jre\bin\verify.dll
0x00007ff9478c0000 - 0x00007ff9478e9000 	C:\Program Files\Android\Android Studio\jre\jre\bin\java.dll
0x00007ff9505f0000 - 0x00007ff950606000 	C:\Program Files\Android\Android Studio\jre\jre\bin\zip.dll
0x00007ff9571f0000 - 0x00007ff958719000 	C:\WINDOWS\system32\SHELL32.dll
0x00007ff956c60000 - 0x00007ff956e72000 	C:\WINDOWS\SYSTEM32\combase.dll
0x00007ff956850000 - 0x00007ff9568a4000 	C:\WINDOWS\system32\SHLWAPI.dll
0x00007ff955740000 - 0x00007ff9557f2000 	C:\WINDOWS\SYSTEM32\SHCORE.dll
0x00007ff9560e0000 - 0x00007ff9560f5000 	C:\WINDOWS\SYSTEM32\profapi.dll
0x00007ff94e360000 - 0x00007ff94e37a000 	C:\Program Files\Android\Android Studio\jre\jre\bin\net.dll
0x00007ff9554e0000 - 0x00007ff955539000 	C:\WINDOWS\system32\mswsock.dll
0x00007ff947fb0000 - 0x00007ff947fc1000 	C:\Program Files\Android\Android Studio\jre\jre\bin\nio.dll
0x00007ff941e20000 - 0x00007ff941e3e000 	C:\Users\httiong\.gradle\native\25\windows-amd64\native-platform.dll
0x00007ff94e180000 - 0x00007ff94e18d000 	C:\Program Files\Android\Android Studio\jre\jre\bin\management.dll
0x00007ff955540000 - 0x00007ff955560000 	C:\WINDOWS\SYSTEM32\CRYPTSP.dll
0x00007ff955100000 - 0x00007ff955136000 	C:\WINDOWS\system32\rsaenh.dll
0x00007ff9558e0000 - 0x00007ff955906000 	C:\WINDOWS\SYSTEM32\bcrypt.dll
0x00007ff955210000 - 0x00007ff955231000 	C:\WINDOWS\SYSTEM32\USERENV.dll
0x00007ff955f80000 - 0x00007ff955fe3000 	C:\WINDOWS\system32\bcryptprimitives.dll
0x00007ff955ff0000 - 0x00007ff955ffb000 	C:\WINDOWS\SYSTEM32\CRYPTBASE.dll
0x00007ff954ae0000 - 0x00007ff954b0a000 	C:\WINDOWS\SYSTEM32\IPHLPAPI.DLL
0x00007ff954a70000 - 0x00007ff954a7a000 	C:\WINDOWS\SYSTEM32\WINNSI.DLL
0x00007ff94f9f0000 - 0x00007ff94fa06000 	C:\WINDOWS\SYSTEM32\dhcpcsvc6.DLL
0x00007ff94f9d0000 - 0x00007ff94f9ea000 	C:\WINDOWS\SYSTEM32\dhcpcsvc.DLL
0x00007ff94ca90000 - 0x00007ff94cc19000 	C:\WINDOWS\SYSTEM32\dbghelp.dll

VM Arguments:
jvm_args: -Xmx1536m -Dfile.encoding=windows-1252 -Duser.country=MY -Duser.language=en -Duser.variant 
java_command: org.gradle.launcher.daemon.bootstrap.GradleDaemon 4.4
java_class_path (initial): C:\Users\httiong\.gradle\wrapper\dists\gradle-4.4-all\9br9xq1tocpiv8o6njlyu5op1\gradle-4.4\lib\gradle-launcher-4.4.jar
Launcher Type: SUN_STANDARD

Environment Variables:
USERNAME=httiong
OS=Windows_NT
PROCESSOR_IDENTIFIER=Intel64 Family 6 Model 58 Stepping 9, GenuineIntel



---------------  S Y S T E M  ---------------

OS: Windows 8.1 , 64 bit Build 9600 (6.3.9600.17415)

CPU:total 4 (initial active 4) (2 cores per cpu, 2 threads per core) family 6 model 58 stepping 9, cmov, cx8, fxsr, mmx, sse, sse2, sse3, ssse3, sse4.1, sse4.2, popcnt, avx, aes, clmul, erms, ht, tsc, tscinvbit, tscinv

Memory: 4k page, physical 8229344k(2695532k free), swap 16617952k(10174704k free)

vm_info: OpenJDK 64-Bit Server VM (25.152-b02) for windows-amd64 JRE (1.8.0_152-release-1024-b02), built by "builder" with MS VC++ 10.0 (VS2010)

time: Mon Apr 16 10:05:18 2018
elapsed time: 1198 seconds (0d 0h 19m 58s)

